<?xml version="1.0" encoding="UTF-8"?>
<!-- Generated by org.testng.reporters.JUnitReportReporter -->
<testsuite hostname="mironovtest" name="com.example.tests.GroupCreationTests" tests="2" failures="0" timestamp="21 May 2015 13:46:18 GMT" time="5.782" errors="0">
  <testcase name="testNonEmptyGroupeCreation" time="3.335" classname="com.example.tests.GroupCreationTests"/>
  <testcase name="testsEmptyGroupeCreation" time="2.447" classname="com.example.tests.GroupCreationTests"/>
</testsuite> <!-- com.example.tests.GroupCreationTests -->
