<?xml version="1.0" encoding="UTF-8"?>
<!-- Generated by org.testng.reporters.JUnitReportReporter -->
<testsuite hostname="mironovtest" name="com.example.tests.AddNewContact" tests="2" failures="0" timestamp="22 May 2015 06:38:18 GMT" time="14.028" errors="0">
  <testcase name="testsNonEmptyContactCreations" time="7.261" classname="com.example.tests.AddNewContact"/>
  <testcase name="testEmptyContactCreations" time="6.767" classname="com.example.tests.AddNewContact"/>
</testsuite> <!-- com.example.tests.AddNewContact -->
