<?xml version="1.0" encoding="UTF-8"?>
<!-- Generated by org.testng.reporters.JUnitReportReporter -->
<testsuite hostname="mironovtest" name="com.example.tests.AlsoGropeCreationTests" tests="2" failures="0" timestamp="21 May 2015 08:09:33 GMT" time="3.891" errors="0">
  <testcase name="testNonEmptyGroupeCreation" time="2.069" classname="com.example.tests.AlsoGropeCreationTests"/>
  <testcase name="testEmptyGroupeCreation" time="1.822" classname="com.example.tests.AlsoGropeCreationTests"/>
</testsuite> <!-- com.example.tests.AlsoGropeCreationTests -->
