<?xml version="1.0" encoding="UTF-8"?>
<!-- Generated by org.testng.reporters.JUnitReportReporter -->
<testsuite hostname="mironovtest" name="com.example.tests.GroupCreationTests" tests="2" failures="0" timestamp="22 May 2015 13:52:09 GMT" time="5.886" errors="0">
  <testcase name="testNonEmptyGroupeCreation" time="3.463" classname="com.example.tests.GroupCreationTests"/>
  <testcase name="testsEmptyGroupeCreation" time="2.423" classname="com.example.tests.GroupCreationTests"/>
</testsuite> <!-- com.example.tests.GroupCreationTests -->
