<?xml version="1.0" encoding="UTF-8"?>
<!-- Generated by org.testng.reporters.JUnitReportReporter -->
<testsuite hostname="mironovtest" name="com.example.tests.AddNewContact" tests="2" failures="0" timestamp="22 May 2015 14:09:47 GMT" time="409.938" errors="0">
  <testcase name="testEmptysContactCreations" time="5.961" classname="com.example.tests.AddNewContact"/>
  <testcase name="testsNonEmptyContactCreations" time="403.977" classname="com.example.tests.AddNewContact"/>
</testsuite> <!-- com.example.tests.AddNewContact -->
